Logger:         	MadelineProto 8.4.4
Logger:         	Copyright (C) 2016-2025 Daniil Gentili
Logger:         	Licensed under AGPLv3
Logger:         	https://github.com/danog/MadelineProto
Serialization:  	Got exclusive session lock!
DataCenter:     	Acquiring connect lock for 2!
DataCenter:     	Connecting to DC 2
DataCenterConnection: 	Restoring 0 messages to DC 2
Session:        	Resetting session in DC 2.0 due to creating initial session...
Connection:     	Connecting to DC 2.0 via tcp://149.154.167.41:443 main DC 2, via ipv4 using AbridgedStream => BufferedRawStream => DefaultStream 
Connection:     	Connected to DC 2.0 via tcp://149.154.167.41:443 main DC 2, via ipv4 using AbridgedStream => BufferedRawStream => DefaultStream!
DataCenterConnection: 	Acquiring lock in order to init auth for DC 2
DataCenterConnection: 	Initing auth for DC 2
DataCenterConnection: 	Done initing auth for DC 2
Session:        	Garbage collected 0 outgoing messages in DC 2, 1 left
PingLoop:       	Ping DC 2.0
MTProto:        	AUTH_KEY_UNREGISTERED
MTProto:        	Starting update system
APIWrapper:     	MadelineProto is ready!
SessionPaths:   	Waiting for exclusive lock of /home/codearch/Projects/cproto/storage/sessions/user.madeline/ipcState.php.lock...
SessionPaths:   	Got exclusive lock of /home/codearch/Projects/cproto/storage/sessions/user.madeline/ipcState.php.lock...
SessionPaths:   	Waiting for exclusive lock of /home/codearch/Projects/cproto/storage/sessions/user.madeline/safe.php.lock...
SessionPaths:   	Got exclusive lock of /home/codearch/Projects/cproto/storage/sessions/user.madeline/safe.php.lock...
SessionPaths:   	Waiting for exclusive lock of /home/codearch/Projects/cproto/storage/sessions/user.madeline/lightState.php.lock...
SessionPaths:   	Got exclusive lock of /home/codearch/Projects/cproto/storage/sessions/user.madeline/lightState.php.lock...
APIWrapper:     	Saved session!
AbstractServer: 	Accepted IPC client connection!
PingLoop:       	Ping DC 2.0
Session:        	Garbage collected 7 incoming messages in DC 2, 0 left
Session:        	Garbage collected 6 outgoing messages in DC 2, 0 left
PingLoop:       	Ping DC 2.0
Login:          	Sending code...
Login:          	Code sent successfully! Once you receive the code you should use the completePhoneLogin function.
PingLoop:       	Ping DC 2.0
Session:        	Garbage collected 3 incoming messages in DC 2, 0 left
Session:        	Garbage collected 4 outgoing messages in DC 2, 0 left
PingLoop:       	Ping DC 2.0
Login:          	Logging in as a normal user...
Login:          	Logged in successfully!
MTProto:        	Starting update system
SessionPaths:   	Waiting for exclusive lock of /home/codearch/Projects/cproto/storage/sessions/user.madeline/safe.php.lock...
SessionPaths:   	Got exclusive lock of /home/codearch/Projects/cproto/storage/sessions/user.madeline/safe.php.lock...
SessionPaths:   	Waiting for exclusive lock of /home/codearch/Projects/cproto/storage/sessions/user.madeline/lightState.php.lock...
SessionPaths:   	Got exclusive lock of /home/codearch/Projects/cproto/storage/sessions/user.madeline/lightState.php.lock...
APIWrapper:     	Saved session!
SessionPaths:   	Waiting for exclusive lock of /home/codearch/Projects/cproto/storage/sessions/user.madeline/safe.php.lock...
SessionPaths:   	Got exclusive lock of /home/codearch/Projects/cproto/storage/sessions/user.madeline/safe.php.lock...
SessionPaths:   	Waiting for exclusive lock of /home/codearch/Projects/cproto/storage/sessions/user.madeline/lightState.php.lock...
SessionPaths:   	Got exclusive lock of /home/codearch/Projects/cproto/storage/sessions/user.madeline/lightState.php.lock...
APIWrapper:     	Saved session!
AbstractServer: 	Accepted IPC client connection!
entry:          	A restart was triggered!
APIWrapper:     	Shutting down MadelineProto (danog\MadelineProto\API)
MTProto:        	Will unreference instance
DataCenterConnection: 	Disconnecting from shared DC 2
Connection:     	Disconnecting from DC 2.0
DataCenterConnection: 	Backed up help.getCdnConfig, help.getCdnConfig, help.getCdnConfig,  from DC 2.0
Connection:     	Disconnected from DC 2.0
DataCenterConnection: 	Backed up 3, added to 0 existing messages) from DC 2
MTProto:        	Unreferenced instance
APIWrapper:     	Prompting final serialization...
ReadLoop:       	Stopping read loop in DC 2.0 due to reconnect...
SessionPaths:   	Waiting for exclusive lock of /home/codearch/Projects/cproto/storage/sessions/user.madeline/safe.php.lock...
SessionPaths:   	Got exclusive lock of /home/codearch/Projects/cproto/storage/sessions/user.madeline/safe.php.lock...
SessionPaths:   	Waiting for exclusive lock of /home/codearch/Projects/cproto/storage/sessions/user.madeline/lightState.php.lock...
SessionPaths:   	Got exclusive lock of /home/codearch/Projects/cproto/storage/sessions/user.madeline/lightState.php.lock...
APIWrapper:     	Saved session!
APIWrapper:     	Done final serialization!
Serialization:  	Unlocking exclusive session lock!
Serialization:  	Unlocked exclusive session lock!
MTProto:        	Shutting down MadelineProto (MTProto)
MTProto:        	Will unreference instance
DataCenterConnection: 	Disconnecting from shared DC 2
DataCenterConnection: 	Backed up 0, added to 3 existing messages) from DC 2
MTProto:        	Unreferenced instance
MTProto:        	Successfully destroyed MadelineProto
Logger:         	MadelineProto 8.4.4
Logger:         	Copyright (C) 2016-2025 Daniil Gentili
Logger:         	Licensed under AGPLv3
Logger:         	https://github.com/danog/MadelineProto
Serialization:  	Got exclusive session lock!
DataCenter, Turgunboyev_D:     	Acquiring connect lock for 2!
DataCenter, Turgunboyev_D:     	Connecting to DC 2
DataCenterConnection, Turgunboyev_D: 	Restoring 0 messages to DC 2
Session, Turgunboyev_D:        	Resetting session in DC 2.0 due to creating initial session...
Connection, Turgunboyev_D:     	Connecting to DC 2.0 via tcp://149.154.167.41:443 main DC 2, via ipv4 using AbridgedStream => BufferedRawStream => DefaultStream 
Connection, Turgunboyev_D:     	Connected to DC 2.0 via tcp://149.154.167.41:443 main DC 2, via ipv4 using AbridgedStream => BufferedRawStream => DefaultStream!
DataCenterConnection, Turgunboyev_D: 	Acquiring lock in order to init auth for DC 2
DataCenterConnection, Turgunboyev_D: 	Initing auth for DC 2
DataCenterConnection, Turgunboyev_D: 	Done initing auth for DC 2
Session, Turgunboyev_D:        	Garbage collected 0 outgoing messages in DC 2, 1 left
PingLoop, Turgunboyev_D:       	Ping DC 2.0
MTProto, Turgunboyev_D:        	Starting update system
MTProto, Turgunboyev_D:        	Obtaining updates after deserialization...
APIWrapper, Turgunboyev_D:     	MadelineProto is ready!
SessionPaths, Turgunboyev_D:   	Waiting for exclusive lock of /home/codearch/Projects/cproto/storage/sessions/user.madeline/ipcState.php.lock...
SessionPaths, Turgunboyev_D:   	Got exclusive lock of /home/codearch/Projects/cproto/storage/sessions/user.madeline/ipcState.php.lock...
UpdateHandler, Turgunboyev_D:  	Parsing updates (updateShort) received via the socket...
AbstractServer, Turgunboyev_D: 	Accepted IPC client connection!
entry, Turgunboyev_D:          	A restart was triggered!
APIWrapper, Turgunboyev_D:     	Shutting down MadelineProto (danog\MadelineProto\API)
MTProto, Turgunboyev_D:        	Will unreference instance
DataCenterConnection, Turgunboyev_D: 	Disconnecting from shared DC 2
Connection, Turgunboyev_D:     	Disconnecting from DC 2.0
DataCenterConnection, Turgunboyev_D: 	Backed up help.getCdnConfig, help.getCdnConfig, help.getCdnConfig,  from DC 2.0
Connection, Turgunboyev_D:     	Disconnected from DC 2.0
DataCenterConnection, Turgunboyev_D: 	Backed up 3, added to 0 existing messages) from DC 2
MTProto, Turgunboyev_D:        	Unreferenced instance
APIWrapper, Turgunboyev_D:     	Prompting final serialization...
ReadLoop, Turgunboyev_D:       	Stopping read loop in DC 2.0 due to reconnect...
SessionPaths, Turgunboyev_D:   	Waiting for exclusive lock of /home/codearch/Projects/cproto/storage/sessions/user.madeline/safe.php.lock...
SessionPaths, Turgunboyev_D:   	Got exclusive lock of /home/codearch/Projects/cproto/storage/sessions/user.madeline/safe.php.lock...
SessionPaths, Turgunboyev_D:   	Waiting for exclusive lock of /home/codearch/Projects/cproto/storage/sessions/user.madeline/lightState.php.lock...
SessionPaths, Turgunboyev_D:   	Got exclusive lock of /home/codearch/Projects/cproto/storage/sessions/user.madeline/lightState.php.lock...
APIWrapper, Turgunboyev_D:     	Saved session!
APIWrapper, Turgunboyev_D:     	Done final serialization!
Serialization, Turgunboyev_D:  	Unlocking exclusive session lock!
Serialization, Turgunboyev_D:  	Unlocked exclusive session lock!
MTProto, Turgunboyev_D:        	Shutting down MadelineProto (MTProto)
MTProto, Turgunboyev_D:        	Will unreference instance
DataCenterConnection, Turgunboyev_D: 	Disconnecting from shared DC 2
DataCenterConnection, Turgunboyev_D: 	Backed up 0, added to 3 existing messages) from DC 2
MTProto, Turgunboyev_D:        	Unreferenced instance
MTProto, Turgunboyev_D:        	Successfully destroyed MadelineProto
Logger:         	MadelineProto 8.4.6
Logger:         	Copyright (C) 2016-2025 Daniil Gentili
Logger:         	Licensed under AGPLv3
Logger:         	https://github.com/danog/MadelineProto
Serialization:  	Got exclusive session lock!
DataCenter:     	Connecting to DC 2
DataCenterConnection: 	Restoring 0 messages to DC 2
Session:        	Resetting session in DC 2.0 due to creating initial session...
Connection:     	Connecting to DC 2.0 via tcp://149.154.167.41:443 main DC 2, via ipv4 using AbridgedStream => BufferedRawStream => DefaultStream 
Connection:     	Connected to DC 2.0 via tcp://149.154.167.41:443 main DC 2, via ipv4 using AbridgedStream => BufferedRawStream => DefaultStream!
DataCenterConnection: 	Acquiring lock in order to init auth for DC 2
DataCenterConnection: 	Initing auth for DC 2
DataCenterConnection: 	Done initing auth for DC 2
PingLoop:       	Ping DC 2.0
MTProto:        	AUTH_KEY_UNREGISTERED
MTProto:        	Starting update system
APIWrapper:     	MadelineProto is ready!
SessionPaths:   	Waiting for exclusive lock of /home/codearch/Projects/cproto/storage/sessions/user.madeline/ipcState.php.lock...
SessionPaths:   	Got exclusive lock of /home/codearch/Projects/cproto/storage/sessions/user.madeline/ipcState.php.lock...
SessionPaths:   	Waiting for exclusive lock of /home/codearch/Projects/cproto/storage/sessions/user.madeline/safe.php.lock...
SessionPaths:   	Got exclusive lock of /home/codearch/Projects/cproto/storage/sessions/user.madeline/safe.php.lock...
SessionPaths:   	Waiting for exclusive lock of /home/codearch/Projects/cproto/storage/sessions/user.madeline/lightState.php.lock...
SessionPaths:   	Got exclusive lock of /home/codearch/Projects/cproto/storage/sessions/user.madeline/lightState.php.lock...
APIWrapper:     	Saved session!
AbstractServer: 	Accepted IPC client connection!
Login:          	Logged in successfully!
SessionPaths:   	Waiting for exclusive lock of /home/codearch/Projects/cproto/storage/sessions/user.madeline/safe.php.lock...
SessionPaths:   	Got exclusive lock of /home/codearch/Projects/cproto/storage/sessions/user.madeline/safe.php.lock...
SessionPaths:   	Waiting for exclusive lock of /home/codearch/Projects/cproto/storage/sessions/user.madeline/lightState.php.lock...
SessionPaths:   	Got exclusive lock of /home/codearch/Projects/cproto/storage/sessions/user.madeline/lightState.php.lock...
APIWrapper:     	Saved session!
MTProto:        	Starting update system
SessionPaths:   	Waiting for exclusive lock of /home/codearch/Projects/cproto/storage/sessions/user.madeline/safe.php.lock...
SessionPaths:   	Got exclusive lock of /home/codearch/Projects/cproto/storage/sessions/user.madeline/safe.php.lock...
SessionPaths:   	Waiting for exclusive lock of /home/codearch/Projects/cproto/storage/sessions/user.madeline/lightState.php.lock...
SessionPaths:   	Got exclusive lock of /home/codearch/Projects/cproto/storage/sessions/user.madeline/lightState.php.lock...
APIWrapper:     	Saved session!
entry:          	A restart was triggered!
APIWrapper:     	Shutting down MadelineProto (danog\MadelineProto\API)
MTProto:        	Will unreference instance
DataCenterConnection: 	Disconnecting from shared DC 2
Connection:     	Disconnecting from DC 2.0
DataCenterConnection: 	Backed up updates.getState, updates.getState, updates.getState,  from DC 2.0
Connection:     	Disconnected from DC 2.0
DataCenterConnection: 	Backed up 3, added to 0 existing messages) from DC 2
MTProto:        	Unreferenced instance
APIWrapper:     	Prompting final serialization...
ReadLoop:       	Stopping read loop in DC 2.0 due to reconnect...
SessionPaths:   	Waiting for exclusive lock of /home/codearch/Projects/cproto/storage/sessions/user.madeline/safe.php.lock...
SessionPaths:   	Got exclusive lock of /home/codearch/Projects/cproto/storage/sessions/user.madeline/safe.php.lock...
SessionPaths:   	Waiting for exclusive lock of /home/codearch/Projects/cproto/storage/sessions/user.madeline/lightState.php.lock...
SessionPaths:   	Got exclusive lock of /home/codearch/Projects/cproto/storage/sessions/user.madeline/lightState.php.lock...
APIWrapper:     	Saved session!
APIWrapper:     	Done final serialization!
Serialization:  	Unlocking exclusive session lock!
Serialization:  	Unlocked exclusive session lock!
MTProto:        	Shutting down MadelineProto (MTProto)
MTProto:        	Will unreference instance
DataCenterConnection: 	Disconnecting from shared DC 2
DataCenterConnection: 	Backed up 0, added to 3 existing messages) from DC 2
MTProto:        	Unreferenced instance
MTProto:        	Successfully destroyed MadelineProto
